<?xml version="1.0" encoding="UTF-8"?>
<!-- Generated by org.testng.reporters.JUnitReportReporter -->
<testsuite skipped="0" hostname="DESKTOP-K6D606K" name="smoketests.LoginPresentTestNG" tests="1" failures="0" timestamp="29 Mar 2018 20:39:06 GMT" time="5.746" errors="0">
  <testcase name="loginElementsPresentTest" time="5.746" classname="smoketests.LoginPresentTestNG"/>
</testsuite> <!-- smoketests.LoginPresentTestNG -->
