<?xml version="1.0" encoding="UTF-8"?>
<!-- Generated by org.testng.reporters.JUnitReportReporter -->
<testsuite skipped="0" hostname="DESKTOP-K6D606K" name="tests.LoginDDT" tests="4" failures="0" timestamp="30 Mar 2018 00:23:11 GMT" time="53.083" errors="0">
  <testcase name="loginTest" time="11.092" classname="tests.LoginDDT"/>
  <testcase name="loginTest" time="11.581" classname="tests.LoginDDT"/>
  <testcase name="loginTest" time="11.265" classname="tests.LoginDDT"/>
  <testcase name="loginTest" time="19.145" classname="tests.LoginDDT"/>
</testsuite> <!-- tests.LoginDDT -->
